/usr/bin/cmake -S/home/emre/mtlb_deneme/src/mtlb_publisher -B/home/emre/mtlb_deneme/build/mtlb_publisher --check-build-system CMakeFiles/Makefile.cmake 0
/usr/bin/cmake -E cmake_progress_start /home/emre/mtlb_deneme/build/mtlb_publisher/CMakeFiles /home/emre/mtlb_deneme/build/mtlb_publisher/CMakeFiles/progress.marks
/usr/bin/make -f CMakeFiles/Makefile2 all
make[1]: Entering directory '/home/emre/mtlb_deneme/build/mtlb_publisher'
/usr/bin/make -f CMakeFiles/roscpp_generate_messages_eus.dir/build.make CMakeFiles/roscpp_generate_messages_eus.dir/depend
/usr/bin/make -f CMakeFiles/rosgraph_msgs_generate_messages_eus.dir/build.make CMakeFiles/rosgraph_msgs_generate_messages_eus.dir/depend
/usr/bin/make -f CMakeFiles/roscpp_generate_messages_nodejs.dir/build.make CMakeFiles/roscpp_generate_messages_nodejs.dir/depend
/usr/bin/make -f CMakeFiles/std_msgs_generate_messages_eus.dir/build.make CMakeFiles/std_msgs_generate_messages_eus.dir/depend
/usr/bin/make -f CMakeFiles/geometry_msgs_generate_messages_lisp.dir/build.make CMakeFiles/geometry_msgs_generate_messages_lisp.dir/depend
/usr/bin/make -f CMakeFiles/geometry_msgs_generate_messages_cpp.dir/build.make CMakeFiles/geometry_msgs_generate_messages_cpp.dir/depend
/usr/bin/make -f CMakeFiles/geometry_msgs_generate_messages_nodejs.dir/build.make CMakeFiles/geometry_msgs_generate_messages_nodejs.dir/depend
/usr/bin/make -f CMakeFiles/roscpp_generate_messages_cpp.dir/build.make CMakeFiles/roscpp_generate_messages_cpp.dir/depend
make[2]: Entering directory '/home/emre/mtlb_deneme/build/mtlb_publisher'
cd /home/emre/mtlb_deneme/build/mtlb_publisher && /usr/bin/cmake -E cmake_depends "Unix Makefiles" /home/emre/mtlb_deneme/src/mtlb_publisher /home/emre/mtlb_deneme/src/mtlb_publisher /home/emre/mtlb_deneme/build/mtlb_publisher /home/emre/mtlb_deneme/build/mtlb_publisher /home/emre/mtlb_deneme/build/mtlb_publisher/CMakeFiles/roscpp_generate_messages_eus.dir/DependInfo.cmake --color=
make[2]: Entering directory '/home/emre/mtlb_deneme/build/mtlb_publisher'
cd /home/emre/mtlb_deneme/build/mtlb_publisher && /usr/bin/cmake -E cmake_depends "Unix Makefiles" /home/emre/mtlb_deneme/src/mtlb_publisher /home/emre/mtlb_deneme/src/mtlb_publisher /home/emre/mtlb_deneme/build/mtlb_publisher /home/emre/mtlb_deneme/build/mtlb_publisher /home/emre/mtlb_deneme/build/mtlb_publisher/CMakeFiles/roscpp_generate_messages_nodejs.dir/DependInfo.cmake --color=
make[2]: Entering directory '/home/emre/mtlb_deneme/build/mtlb_publisher'
cd /home/emre/mtlb_deneme/build/mtlb_publisher && /usr/bin/cmake -E cmake_depends "Unix Makefiles" /home/emre/mtlb_deneme/src/mtlb_publisher /home/emre/mtlb_deneme/src/mtlb_publisher /home/emre/mtlb_deneme/build/mtlb_publisher /home/emre/mtlb_deneme/build/mtlb_publisher /home/emre/mtlb_deneme/build/mtlb_publisher/CMakeFiles/rosgraph_msgs_generate_messages_eus.dir/DependInfo.cmake --color=
make[2]: Entering directory '/home/emre/mtlb_deneme/build/mtlb_publisher'
cd /home/emre/mtlb_deneme/build/mtlb_publisher && /usr/bin/cmake -E cmake_depends "Unix Makefiles" /home/emre/mtlb_deneme/src/mtlb_publisher /home/emre/mtlb_deneme/src/mtlb_publisher /home/emre/mtlb_deneme/build/mtlb_publisher /home/emre/mtlb_deneme/build/mtlb_publisher /home/emre/mtlb_deneme/build/mtlb_publisher/CMakeFiles/geometry_msgs_generate_messages_lisp.dir/DependInfo.cmake --color=
make[2]: Entering directory '/home/emre/mtlb_deneme/build/mtlb_publisher'
cd /home/emre/mtlb_deneme/build/mtlb_publisher && /usr/bin/cmake -E cmake_depends "Unix Makefiles" /home/emre/mtlb_deneme/src/mtlb_publisher /home/emre/mtlb_deneme/src/mtlb_publisher /home/emre/mtlb_deneme/build/mtlb_publisher /home/emre/mtlb_deneme/build/mtlb_publisher /home/emre/mtlb_deneme/build/mtlb_publisher/CMakeFiles/std_msgs_generate_messages_eus.dir/DependInfo.cmake --color=
make[2]: Entering directory '/home/emre/mtlb_deneme/build/mtlb_publisher'
cd /home/emre/mtlb_deneme/build/mtlb_publisher && /usr/bin/cmake -E cmake_depends "Unix Makefiles" /home/emre/mtlb_deneme/src/mtlb_publisher /home/emre/mtlb_deneme/src/mtlb_publisher /home/emre/mtlb_deneme/build/mtlb_publisher /home/emre/mtlb_deneme/build/mtlb_publisher /home/emre/mtlb_deneme/build/mtlb_publisher/CMakeFiles/geometry_msgs_generate_messages_cpp.dir/DependInfo.cmake --color=
make[2]: Entering directory '/home/emre/mtlb_deneme/build/mtlb_publisher'
cd /home/emre/mtlb_deneme/build/mtlb_publisher && /usr/bin/cmake -E cmake_depends "Unix Makefiles" /home/emre/mtlb_deneme/src/mtlb_publisher /home/emre/mtlb_deneme/src/mtlb_publisher /home/emre/mtlb_deneme/build/mtlb_publisher /home/emre/mtlb_deneme/build/mtlb_publisher /home/emre/mtlb_deneme/build/mtlb_publisher/CMakeFiles/geometry_msgs_generate_messages_nodejs.dir/DependInfo.cmake --color=
make[2]: Entering directory '/home/emre/mtlb_deneme/build/mtlb_publisher'
cd /home/emre/mtlb_deneme/build/mtlb_publisher && /usr/bin/cmake -E cmake_depends "Unix Makefiles" /home/emre/mtlb_deneme/src/mtlb_publisher /home/emre/mtlb_deneme/src/mtlb_publisher /home/emre/mtlb_deneme/build/mtlb_publisher /home/emre/mtlb_deneme/build/mtlb_publisher /home/emre/mtlb_deneme/build/mtlb_publisher/CMakeFiles/roscpp_generate_messages_cpp.dir/DependInfo.cmake --color=
make[2]: Leaving directory '/home/emre/mtlb_deneme/build/mtlb_publisher'
/usr/bin/make -f CMakeFiles/roscpp_generate_messages_eus.dir/build.make CMakeFiles/roscpp_generate_messages_eus.dir/build
make[2]: Entering directory '/home/emre/mtlb_deneme/build/mtlb_publisher'
make[2]: Nothing to be done for 'CMakeFiles/roscpp_generate_messages_eus.dir/build'.
make[2]: Leaving directory '/home/emre/mtlb_deneme/build/mtlb_publisher'
make[2]: Leaving directory '/home/emre/mtlb_deneme/build/mtlb_publisher'
make[2]: Leaving directory '/home/emre/mtlb_deneme/build/mtlb_publisher'
make[2]: Leaving directory '/home/emre/mtlb_deneme/build/mtlb_publisher'
make[2]: Leaving directory '/home/emre/mtlb_deneme/build/mtlb_publisher'
/usr/bin/make -f CMakeFiles/geometry_msgs_generate_messages_lisp.dir/build.make CMakeFiles/geometry_msgs_generate_messages_lisp.dir/build
make[2]: Leaving directory '/home/emre/mtlb_deneme/build/mtlb_publisher'
/usr/bin/make -f CMakeFiles/std_msgs_generate_messages_eus.dir/build.make CMakeFiles/std_msgs_generate_messages_eus.dir/build
/usr/bin/make -f CMakeFiles/rosgraph_msgs_generate_messages_eus.dir/build.make CMakeFiles/rosgraph_msgs_generate_messages_eus.dir/build
/usr/bin/make -f CMakeFiles/roscpp_generate_messages_nodejs.dir/build.make CMakeFiles/roscpp_generate_messages_nodejs.dir/build
/usr/bin/make -f CMakeFiles/geometry_msgs_generate_messages_cpp.dir/build.make CMakeFiles/geometry_msgs_generate_messages_cpp.dir/build
make[2]: Leaving directory '/home/emre/mtlb_deneme/build/mtlb_publisher'
/usr/bin/make -f CMakeFiles/geometry_msgs_generate_messages_nodejs.dir/build.make CMakeFiles/geometry_msgs_generate_messages_nodejs.dir/build
make[2]: Entering directory '/home/emre/mtlb_deneme/build/mtlb_publisher'
make[2]: Nothing to be done for 'CMakeFiles/std_msgs_generate_messages_eus.dir/build'.
make[2]: Leaving directory '/home/emre/mtlb_deneme/build/mtlb_publisher'
make[2]: Entering directory '/home/emre/mtlb_deneme/build/mtlb_publisher'
make[2]: Nothing to be done for 'CMakeFiles/roscpp_generate_messages_nodejs.dir/build'.
make[2]: Leaving directory '/home/emre/mtlb_deneme/build/mtlb_publisher'
make[2]: Entering directory '/home/emre/mtlb_deneme/build/mtlb_publisher'
make[2]: Nothing to be done for 'CMakeFiles/geometry_msgs_generate_messages_lisp.dir/build'.
make[2]: Leaving directory '/home/emre/mtlb_deneme/build/mtlb_publisher'
make[2]: Entering directory '/home/emre/mtlb_deneme/build/mtlb_publisher'
make[2]: Nothing to be done for 'CMakeFiles/geometry_msgs_generate_messages_cpp.dir/build'.
make[2]: Leaving directory '/home/emre/mtlb_deneme/build/mtlb_publisher'
make[2]: Entering directory '/home/emre/mtlb_deneme/build/mtlb_publisher'
make[2]: Nothing to be done for 'CMakeFiles/rosgraph_msgs_generate_messages_eus.dir/build'.
make[2]: Leaving directory '/home/emre/mtlb_deneme/build/mtlb_publisher'
make[2]: Entering directory '/home/emre/mtlb_deneme/build/mtlb_publisher'
make[2]: Nothing to be done for 'CMakeFiles/geometry_msgs_generate_messages_nodejs.dir/build'.
make[2]: Leaving directory '/home/emre/mtlb_deneme/build/mtlb_publisher'
make[2]: Leaving directory '/home/emre/mtlb_deneme/build/mtlb_publisher'
/usr/bin/make -f CMakeFiles/roscpp_generate_messages_cpp.dir/build.make CMakeFiles/roscpp_generate_messages_cpp.dir/build
[  0%] Built target roscpp_generate_messages_eus
/usr/bin/make -f CMakeFiles/geometry_msgs_generate_messages_py.dir/build.make CMakeFiles/geometry_msgs_generate_messages_py.dir/depend
make[2]: Entering directory '/home/emre/mtlb_deneme/build/mtlb_publisher'
make[2]: Nothing to be done for 'CMakeFiles/roscpp_generate_messages_cpp.dir/build'.
make[2]: Leaving directory '/home/emre/mtlb_deneme/build/mtlb_publisher'
[  0%] Built target std_msgs_generate_messages_eus
[  0%] Built target roscpp_generate_messages_nodejs
[  0%] Built target geometry_msgs_generate_messages_lisp
make[2]: Entering directory '/home/emre/mtlb_deneme/build/mtlb_publisher'
cd /home/emre/mtlb_deneme/build/mtlb_publisher && /usr/bin/cmake -E cmake_depends "Unix Makefiles" /home/emre/mtlb_deneme/src/mtlb_publisher /home/emre/mtlb_deneme/src/mtlb_publisher /home/emre/mtlb_deneme/build/mtlb_publisher /home/emre/mtlb_deneme/build/mtlb_publisher /home/emre/mtlb_deneme/build/mtlb_publisher/CMakeFiles/geometry_msgs_generate_messages_py.dir/DependInfo.cmake --color=
/usr/bin/make -f CMakeFiles/roscpp_generate_messages_py.dir/build.make CMakeFiles/roscpp_generate_messages_py.dir/depend
[  0%] Built target geometry_msgs_generate_messages_cpp
/usr/bin/make -f CMakeFiles/rosgraph_msgs_generate_messages_py.dir/build.make CMakeFiles/rosgraph_msgs_generate_messages_py.dir/depend
/usr/bin/make -f CMakeFiles/rosgraph_msgs_generate_messages_lisp.dir/build.make CMakeFiles/rosgraph_msgs_generate_messages_lisp.dir/depend
[  0%] Built target rosgraph_msgs_generate_messages_eus
/usr/bin/make -f CMakeFiles/std_msgs_generate_messages_lisp.dir/build.make CMakeFiles/std_msgs_generate_messages_lisp.dir/depend
make[2]: Entering directory '/home/emre/mtlb_deneme/build/mtlb_publisher'
cd /home/emre/mtlb_deneme/build/mtlb_publisher && /usr/bin/cmake -E cmake_depends "Unix Makefiles" /home/emre/mtlb_deneme/src/mtlb_publisher /home/emre/mtlb_deneme/src/mtlb_publisher /home/emre/mtlb_deneme/build/mtlb_publisher /home/emre/mtlb_deneme/build/mtlb_publisher /home/emre/mtlb_deneme/build/mtlb_publisher/CMakeFiles/roscpp_generate_messages_py.dir/DependInfo.cmake --color=
make[2]: Entering directory '/home/emre/mtlb_deneme/build/mtlb_publisher'
cd /home/emre/mtlb_deneme/build/mtlb_publisher && /usr/bin/cmake -E cmake_depends "Unix Makefiles" /home/emre/mtlb_deneme/src/mtlb_publisher /home/emre/mtlb_deneme/src/mtlb_publisher /home/emre/mtlb_deneme/build/mtlb_publisher /home/emre/mtlb_deneme/build/mtlb_publisher /home/emre/mtlb_deneme/build/mtlb_publisher/CMakeFiles/rosgraph_msgs_generate_messages_py.dir/DependInfo.cmake --color=
/usr/bin/make -f CMakeFiles/roscpp_generate_messages_lisp.dir/build.make CMakeFiles/roscpp_generate_messages_lisp.dir/depend
[  0%] Built target geometry_msgs_generate_messages_nodejs
make[2]: Entering directory '/home/emre/mtlb_deneme/build/mtlb_publisher'
cd /home/emre/mtlb_deneme/build/mtlb_publisher && /usr/bin/cmake -E cmake_depends "Unix Makefiles" /home/emre/mtlb_deneme/src/mtlb_publisher /home/emre/mtlb_deneme/src/mtlb_publisher /home/emre/mtlb_deneme/build/mtlb_publisher /home/emre/mtlb_deneme/build/mtlb_publisher /home/emre/mtlb_deneme/build/mtlb_publisher/CMakeFiles/rosgraph_msgs_generate_messages_lisp.dir/DependInfo.cmake --color=
make[2]: Entering directory '/home/emre/mtlb_deneme/build/mtlb_publisher'
cd /home/emre/mtlb_deneme/build/mtlb_publisher && /usr/bin/cmake -E cmake_depends "Unix Makefiles" /home/emre/mtlb_deneme/src/mtlb_publisher /home/emre/mtlb_deneme/src/mtlb_publisher /home/emre/mtlb_deneme/build/mtlb_publisher /home/emre/mtlb_deneme/build/mtlb_publisher /home/emre/mtlb_deneme/build/mtlb_publisher/CMakeFiles/std_msgs_generate_messages_lisp.dir/DependInfo.cmake --color=
make[2]: Entering directory '/home/emre/mtlb_deneme/build/mtlb_publisher'
cd /home/emre/mtlb_deneme/build/mtlb_publisher && /usr/bin/cmake -E cmake_depends "Unix Makefiles" /home/emre/mtlb_deneme/src/mtlb_publisher /home/emre/mtlb_deneme/src/mtlb_publisher /home/emre/mtlb_deneme/build/mtlb_publisher /home/emre/mtlb_deneme/build/mtlb_publisher /home/emre/mtlb_deneme/build/mtlb_publisher/CMakeFiles/roscpp_generate_messages_lisp.dir/DependInfo.cmake --color=
/usr/bin/make -f CMakeFiles/rosgraph_msgs_generate_messages_nodejs.dir/build.make CMakeFiles/rosgraph_msgs_generate_messages_nodejs.dir/depend
make[2]: Entering directory '/home/emre/mtlb_deneme/build/mtlb_publisher'
cd /home/emre/mtlb_deneme/build/mtlb_publisher && /usr/bin/cmake -E cmake_depends "Unix Makefiles" /home/emre/mtlb_deneme/src/mtlb_publisher /home/emre/mtlb_deneme/src/mtlb_publisher /home/emre/mtlb_deneme/build/mtlb_publisher /home/emre/mtlb_deneme/build/mtlb_publisher /home/emre/mtlb_deneme/build/mtlb_publisher/CMakeFiles/rosgraph_msgs_generate_messages_nodejs.dir/DependInfo.cmake --color=
[  0%] Built target roscpp_generate_messages_cpp
/usr/bin/make -f CMakeFiles/std_msgs_generate_messages_cpp.dir/build.make CMakeFiles/std_msgs_generate_messages_cpp.dir/depend
make[2]: Leaving directory '/home/emre/mtlb_deneme/build/mtlb_publisher'
/usr/bin/make -f CMakeFiles/geometry_msgs_generate_messages_py.dir/build.make CMakeFiles/geometry_msgs_generate_messages_py.dir/build
make[2]: Entering directory '/home/emre/mtlb_deneme/build/mtlb_publisher'
cd /home/emre/mtlb_deneme/build/mtlb_publisher && /usr/bin/cmake -E cmake_depends "Unix Makefiles" /home/emre/mtlb_deneme/src/mtlb_publisher /home/emre/mtlb_deneme/src/mtlb_publisher /home/emre/mtlb_deneme/build/mtlb_publisher /home/emre/mtlb_deneme/build/mtlb_publisher /home/emre/mtlb_deneme/build/mtlb_publisher/CMakeFiles/std_msgs_generate_messages_cpp.dir/DependInfo.cmake --color=
make[2]: Entering directory '/home/emre/mtlb_deneme/build/mtlb_publisher'
make[2]: Nothing to be done for 'CMakeFiles/geometry_msgs_generate_messages_py.dir/build'.
make[2]: Leaving directory '/home/emre/mtlb_deneme/build/mtlb_publisher'
make[2]: Leaving directory '/home/emre/mtlb_deneme/build/mtlb_publisher'
make[2]: Leaving directory '/home/emre/mtlb_deneme/build/mtlb_publisher'
make[2]: Leaving directory '/home/emre/mtlb_deneme/build/mtlb_publisher'
/usr/bin/make -f CMakeFiles/roscpp_generate_messages_lisp.dir/build.make CMakeFiles/roscpp_generate_messages_lisp.dir/build
/usr/bin/make -f CMakeFiles/roscpp_generate_messages_py.dir/build.make CMakeFiles/roscpp_generate_messages_py.dir/build
make[2]: Leaving directory '/home/emre/mtlb_deneme/build/mtlb_publisher'
/usr/bin/make -f CMakeFiles/std_msgs_generate_messages_lisp.dir/build.make CMakeFiles/std_msgs_generate_messages_lisp.dir/build
/usr/bin/make -f CMakeFiles/rosgraph_msgs_generate_messages_py.dir/build.make CMakeFiles/rosgraph_msgs_generate_messages_py.dir/build
make[2]: Leaving directory '/home/emre/mtlb_deneme/build/mtlb_publisher'
/usr/bin/make -f CMakeFiles/rosgraph_msgs_generate_messages_lisp.dir/build.make CMakeFiles/rosgraph_msgs_generate_messages_lisp.dir/build
make[2]: Entering directory '/home/emre/mtlb_deneme/build/mtlb_publisher'
make[2]: Nothing to be done for 'CMakeFiles/roscpp_generate_messages_py.dir/build'.
make[2]: Leaving directory '/home/emre/mtlb_deneme/build/mtlb_publisher'
make[2]: Entering directory '/home/emre/mtlb_deneme/build/mtlb_publisher'
make[2]: Nothing to be done for 'CMakeFiles/roscpp_generate_messages_lisp.dir/build'.
make[2]: Leaving directory '/home/emre/mtlb_deneme/build/mtlb_publisher'
make[2]: Entering directory '/home/emre/mtlb_deneme/build/mtlb_publisher'
make[2]: Nothing to be done for 'CMakeFiles/std_msgs_generate_messages_lisp.dir/build'.
make[2]: Leaving directory '/home/emre/mtlb_deneme/build/mtlb_publisher'
make[2]: Entering directory '/home/emre/mtlb_deneme/build/mtlb_publisher'
make[2]: Nothing to be done for 'CMakeFiles/rosgraph_msgs_generate_messages_py.dir/build'.
make[2]: Leaving directory '/home/emre/mtlb_deneme/build/mtlb_publisher'
make[2]: Leaving directory '/home/emre/mtlb_deneme/build/mtlb_publisher'
/usr/bin/make -f CMakeFiles/rosgraph_msgs_generate_messages_nodejs.dir/build.make CMakeFiles/rosgraph_msgs_generate_messages_nodejs.dir/build
make[2]: Entering directory '/home/emre/mtlb_deneme/build/mtlb_publisher'
make[2]: Nothing to be done for 'CMakeFiles/rosgraph_msgs_generate_messages_lisp.dir/build'.
make[2]: Leaving directory '/home/emre/mtlb_deneme/build/mtlb_publisher'
make[2]: Entering directory '/home/emre/mtlb_deneme/build/mtlb_publisher'
make[2]: Nothing to be done for 'CMakeFiles/rosgraph_msgs_generate_messages_nodejs.dir/build'.
make[2]: Leaving directory '/home/emre/mtlb_deneme/build/mtlb_publisher'
[  0%] Built target geometry_msgs_generate_messages_py
make[2]: Leaving directory '/home/emre/mtlb_deneme/build/mtlb_publisher'
/usr/bin/make -f CMakeFiles/std_msgs_generate_messages_cpp.dir/build.make CMakeFiles/std_msgs_generate_messages_cpp.dir/build
/usr/bin/make -f CMakeFiles/std_msgs_generate_messages_py.dir/build.make CMakeFiles/std_msgs_generate_messages_py.dir/depend
make[2]: Entering directory '/home/emre/mtlb_deneme/build/mtlb_publisher'
make[2]: Nothing to be done for 'CMakeFiles/std_msgs_generate_messages_cpp.dir/build'.
make[2]: Leaving directory '/home/emre/mtlb_deneme/build/mtlb_publisher'
[  0%] Built target roscpp_generate_messages_py
[  0%] Built target std_msgs_generate_messages_lisp
[  0%] Built target rosgraph_msgs_generate_messages_py
[  0%] Built target roscpp_generate_messages_lisp
[  0%] Built target rosgraph_msgs_generate_messages_lisp
make[2]: Entering directory '/home/emre/mtlb_deneme/build/mtlb_publisher'
cd /home/emre/mtlb_deneme/build/mtlb_publisher && /usr/bin/cmake -E cmake_depends "Unix Makefiles" /home/emre/mtlb_deneme/src/mtlb_publisher /home/emre/mtlb_deneme/src/mtlb_publisher /home/emre/mtlb_deneme/build/mtlb_publisher /home/emre/mtlb_deneme/build/mtlb_publisher /home/emre/mtlb_deneme/build/mtlb_publisher/CMakeFiles/std_msgs_generate_messages_py.dir/DependInfo.cmake --color=
/usr/bin/make -f CMakeFiles/std_msgs_generate_messages_nodejs.dir/build.make CMakeFiles/std_msgs_generate_messages_nodejs.dir/depend
/usr/bin/make -f CMakeFiles/geometry_msgs_generate_messages_eus.dir/build.make CMakeFiles/geometry_msgs_generate_messages_eus.dir/depend
/usr/bin/make -f CMakeFiles/rosgraph_msgs_generate_messages_cpp.dir/build.make CMakeFiles/rosgraph_msgs_generate_messages_cpp.dir/depend
make[2]: Entering directory '/home/emre/mtlb_deneme/build/mtlb_publisher'
cd /home/emre/mtlb_deneme/build/mtlb_publisher && /usr/bin/cmake -E cmake_depends "Unix Makefiles" /home/emre/mtlb_deneme/src/mtlb_publisher /home/emre/mtlb_deneme/src/mtlb_publisher /home/emre/mtlb_deneme/build/mtlb_publisher /home/emre/mtlb_deneme/build/mtlb_publisher /home/emre/mtlb_deneme/build/mtlb_publisher/CMakeFiles/std_msgs_generate_messages_nodejs.dir/DependInfo.cmake --color=
[  0%] Built target rosgraph_msgs_generate_messages_nodejs
make[2]: Entering directory '/home/emre/mtlb_deneme/build/mtlb_publisher'
cd /home/emre/mtlb_deneme/build/mtlb_publisher && /usr/bin/cmake -E cmake_depends "Unix Makefiles" /home/emre/mtlb_deneme/src/mtlb_publisher /home/emre/mtlb_deneme/src/mtlb_publisher /home/emre/mtlb_deneme/build/mtlb_publisher /home/emre/mtlb_deneme/build/mtlb_publisher /home/emre/mtlb_deneme/build/mtlb_publisher/CMakeFiles/geometry_msgs_generate_messages_eus.dir/DependInfo.cmake --color=
make[2]: Entering directory '/home/emre/mtlb_deneme/build/mtlb_publisher'
cd /home/emre/mtlb_deneme/build/mtlb_publisher && /usr/bin/cmake -E cmake_depends "Unix Makefiles" /home/emre/mtlb_deneme/src/mtlb_publisher /home/emre/mtlb_deneme/src/mtlb_publisher /home/emre/mtlb_deneme/build/mtlb_publisher /home/emre/mtlb_deneme/build/mtlb_publisher /home/emre/mtlb_deneme/build/mtlb_publisher/CMakeFiles/rosgraph_msgs_generate_messages_cpp.dir/DependInfo.cmake --color=
[  0%] Built target std_msgs_generate_messages_cpp
make[2]: Leaving directory '/home/emre/mtlb_deneme/build/mtlb_publisher'
make[2]: Leaving directory '/home/emre/mtlb_deneme/build/mtlb_publisher'
/usr/bin/make -f CMakeFiles/std_msgs_generate_messages_py.dir/build.make CMakeFiles/std_msgs_generate_messages_py.dir/build
/usr/bin/make -f CMakeFiles/geometry_msgs_generate_messages_eus.dir/build.make CMakeFiles/geometry_msgs_generate_messages_eus.dir/build
make[2]: Entering directory '/home/emre/mtlb_deneme/build/mtlb_publisher'
make[2]: Nothing to be done for 'CMakeFiles/std_msgs_generate_messages_py.dir/build'.
make[2]: Leaving directory '/home/emre/mtlb_deneme/build/mtlb_publisher'
make[2]: Entering directory '/home/emre/mtlb_deneme/build/mtlb_publisher'
make[2]: Nothing to be done for 'CMakeFiles/geometry_msgs_generate_messages_eus.dir/build'.
make[2]: Leaving directory '/home/emre/mtlb_deneme/build/mtlb_publisher'
make[2]: Leaving directory '/home/emre/mtlb_deneme/build/mtlb_publisher'
make[2]: Leaving directory '/home/emre/mtlb_deneme/build/mtlb_publisher'
/usr/bin/make -f CMakeFiles/rosgraph_msgs_generate_messages_cpp.dir/build.make CMakeFiles/rosgraph_msgs_generate_messages_cpp.dir/build
/usr/bin/make -f CMakeFiles/std_msgs_generate_messages_nodejs.dir/build.make CMakeFiles/std_msgs_generate_messages_nodejs.dir/build
make[2]: Entering directory '/home/emre/mtlb_deneme/build/mtlb_publisher'
make[2]: Nothing to be done for 'CMakeFiles/rosgraph_msgs_generate_messages_cpp.dir/build'.
make[2]: Leaving directory '/home/emre/mtlb_deneme/build/mtlb_publisher'
make[2]: Entering directory '/home/emre/mtlb_deneme/build/mtlb_publisher'
make[2]: Nothing to be done for 'CMakeFiles/std_msgs_generate_messages_nodejs.dir/build'.
make[2]: Leaving directory '/home/emre/mtlb_deneme/build/mtlb_publisher'
[  0%] Built target rosgraph_msgs_generate_messages_cpp
[  0%] Built target std_msgs_generate_messages_nodejs
[  0%] Built target std_msgs_generate_messages_py
[  0%] Built target geometry_msgs_generate_messages_eus
/usr/bin/make -f CMakeFiles/mtlb_publisher.dir/build.make CMakeFiles/mtlb_publisher.dir/depend
make[2]: Entering directory '/home/emre/mtlb_deneme/build/mtlb_publisher'
cd /home/emre/mtlb_deneme/build/mtlb_publisher && /usr/bin/cmake -E cmake_depends "Unix Makefiles" /home/emre/mtlb_deneme/src/mtlb_publisher /home/emre/mtlb_deneme/src/mtlb_publisher /home/emre/mtlb_deneme/build/mtlb_publisher /home/emre/mtlb_deneme/build/mtlb_publisher /home/emre/mtlb_deneme/build/mtlb_publisher/CMakeFiles/mtlb_publisher.dir/DependInfo.cmake --color=
make[2]: Leaving directory '/home/emre/mtlb_deneme/build/mtlb_publisher'
/usr/bin/make -f CMakeFiles/mtlb_publisher.dir/build.make CMakeFiles/mtlb_publisher.dir/build
make[2]: Entering directory '/home/emre/mtlb_deneme/build/mtlb_publisher'
make[2]: Nothing to be done for 'CMakeFiles/mtlb_publisher.dir/build'.
make[2]: Leaving directory '/home/emre/mtlb_deneme/build/mtlb_publisher'
[100%] Built target mtlb_publisher
make[1]: Leaving directory '/home/emre/mtlb_deneme/build/mtlb_publisher'
/usr/bin/cmake -E cmake_progress_start /home/emre/mtlb_deneme/build/mtlb_publisher/CMakeFiles 0
