/usr/bin/cmake -S/home/emre/mtlb_deneme/src/mtlb_publisher -B/home/emre/mtlb_deneme/build/mtlb_publisher --check-build-system CMakeFiles/Makefile.cmake 0
/usr/bin/cmake -E cmake_progress_start /home/emre/mtlb_deneme/build/mtlb_publisher/CMakeFiles /home/emre/mtlb_deneme/build/mtlb_publisher/CMakeFiles/progress.marks
/usr/bin/make -f CMakeFiles/Makefile2 all
make[1]: Entering directory '/home/emre/mtlb_deneme/build/mtlb_publisher'
/usr/bin/make -f CMakeFiles/roscpp_generate_messages_eus.dir/build.make CMakeFiles/roscpp_generate_messages_eus.dir/depend
/usr/bin/make -f CMakeFiles/rosgraph_msgs_generate_messages_eus.dir/build.make CMakeFiles/rosgraph_msgs_generate_messages_eus.dir/depend
/usr/bin/make -f CMakeFiles/roscpp_generate_messages_nodejs.dir/build.make CMakeFiles/roscpp_generate_messages_nodejs.dir/depend
/usr/bin/make -f CMakeFiles/std_msgs_generate_messages_eus.dir/build.make CMakeFiles/std_msgs_generate_messages_eus.dir/depend
/usr/bin/make -f CMakeFiles/geometry_msgs_generate_messages_lisp.dir/build.make CMakeFiles/geometry_msgs_generate_messages_lisp.dir/depend
/usr/bin/make -f CMakeFiles/geometry_msgs_generate_messages_cpp.dir/build.make CMakeFiles/geometry_msgs_generate_messages_cpp.dir/depend
/usr/bin/make -f CMakeFiles/geometry_msgs_generate_messages_nodejs.dir/build.make CMakeFiles/geometry_msgs_generate_messages_nodejs.dir/depend
make[2]: Entering directory '/home/emre/mtlb_deneme/build/mtlb_publisher'
cd /home/emre/mtlb_deneme/build/mtlb_publisher && /usr/bin/cmake -E cmake_depends "Unix Makefiles" /home/emre/mtlb_deneme/src/mtlb_publisher /home/emre/mtlb_deneme/src/mtlb_publisher /home/emre/mtlb_deneme/build/mtlb_publisher /home/emre/mtlb_deneme/build/mtlb_publisher /home/emre/mtlb_deneme/build/mtlb_publisher/CMakeFiles/roscpp_generate_messages_eus.dir/DependInfo.cmake --color=
/usr/bin/make -f CMakeFiles/roscpp_generate_messages_cpp.dir/build.make CMakeFiles/roscpp_generate_messages_cpp.dir/depend
make[2]: Entering directory '/home/emre/mtlb_deneme/build/mtlb_publisher'
cd /home/emre/mtlb_deneme/build/mtlb_publisher && /usr/bin/cmake -E cmake_depends "Unix Makefiles" /home/emre/mtlb_deneme/src/mtlb_publisher /home/emre/mtlb_deneme/src/mtlb_publisher /home/emre/mtlb_deneme/build/mtlb_publisher /home/emre/mtlb_deneme/build/mtlb_publisher /home/emre/mtlb_deneme/build/mtlb_publisher/CMakeFiles/rosgraph_msgs_generate_messages_eus.dir/DependInfo.cmake --color=
make[2]: Entering directory '/home/emre/mtlb_deneme/build/mtlb_publisher'
cd /home/emre/mtlb_deneme/build/mtlb_publisher && /usr/bin/cmake -E cmake_depends "Unix Makefiles" /home/emre/mtlb_deneme/src/mtlb_publisher /home/emre/mtlb_deneme/src/mtlb_publisher /home/emre/mtlb_deneme/build/mtlb_publisher /home/emre/mtlb_deneme/build/mtlb_publisher /home/emre/mtlb_deneme/build/mtlb_publisher/CMakeFiles/roscpp_generate_messages_nodejs.dir/DependInfo.cmake --color=
make[2]: Entering directory '/home/emre/mtlb_deneme/build/mtlb_publisher'
cd /home/emre/mtlb_deneme/build/mtlb_publisher && /usr/bin/cmake -E cmake_depends "Unix Makefiles" /home/emre/mtlb_deneme/src/mtlb_publisher /home/emre/mtlb_deneme/src/mtlb_publisher /home/emre/mtlb_deneme/build/mtlb_publisher /home/emre/mtlb_deneme/build/mtlb_publisher /home/emre/mtlb_deneme/build/mtlb_publisher/CMakeFiles/std_msgs_generate_messages_eus.dir/DependInfo.cmake --color=
make[2]: Entering directory '/home/emre/mtlb_deneme/build/mtlb_publisher'
cd /home/emre/mtlb_deneme/build/mtlb_publisher && /usr/bin/cmake -E cmake_depends "Unix Makefiles" /home/emre/mtlb_deneme/src/mtlb_publisher /home/emre/mtlb_deneme/src/mtlb_publisher /home/emre/mtlb_deneme/build/mtlb_publisher /home/emre/mtlb_deneme/build/mtlb_publisher /home/emre/mtlb_deneme/build/mtlb_publisher/CMakeFiles/geometry_msgs_generate_messages_lisp.dir/DependInfo.cmake --color=
make[2]: Entering directory '/home/emre/mtlb_deneme/build/mtlb_publisher'
cd /home/emre/mtlb_deneme/build/mtlb_publisher && /usr/bin/cmake -E cmake_depends "Unix Makefiles" /home/emre/mtlb_deneme/src/mtlb_publisher /home/emre/mtlb_deneme/src/mtlb_publisher /home/emre/mtlb_deneme/build/mtlb_publisher /home/emre/mtlb_deneme/build/mtlb_publisher /home/emre/mtlb_deneme/build/mtlb_publisher/CMakeFiles/geometry_msgs_generate_messages_cpp.dir/DependInfo.cmake --color=
make[2]: Entering directory '/home/emre/mtlb_deneme/build/mtlb_publisher'
cd /home/emre/mtlb_deneme/build/mtlb_publisher && /usr/bin/cmake -E cmake_depends "Unix Makefiles" /home/emre/mtlb_deneme/src/mtlb_publisher /home/emre/mtlb_deneme/src/mtlb_publisher /home/emre/mtlb_deneme/build/mtlb_publisher /home/emre/mtlb_deneme/build/mtlb_publisher /home/emre/mtlb_deneme/build/mtlb_publisher/CMakeFiles/geometry_msgs_generate_messages_nodejs.dir/DependInfo.cmake --color=
make[2]: Entering directory '/home/emre/mtlb_deneme/build/mtlb_publisher'
cd /home/emre/mtlb_deneme/build/mtlb_publisher && /usr/bin/cmake -E cmake_depends "Unix Makefiles" /home/emre/mtlb_deneme/src/mtlb_publisher /home/emre/mtlb_deneme/src/mtlb_publisher /home/emre/mtlb_deneme/build/mtlb_publisher /home/emre/mtlb_deneme/build/mtlb_publisher /home/emre/mtlb_deneme/build/mtlb_publisher/CMakeFiles/roscpp_generate_messages_cpp.dir/DependInfo.cmake --color=
[35m[1mScanning dependencies of target std_msgs_generate_messages_eus[0m
[35m[1mScanning dependencies of target geometry_msgs_generate_messages_cpp[0m
[35m[1mScanning dependencies of target geometry_msgs_generate_messages_lisp[0m
[35m[1mScanning dependencies of target roscpp_generate_messages_eus[0m
[35m[1mScanning dependencies of target roscpp_generate_messages_nodejs[0m
[35m[1mScanning dependencies of target rosgraph_msgs_generate_messages_eus[0m
[35m[1mScanning dependencies of target geometry_msgs_generate_messages_nodejs[0m
[35m[1mScanning dependencies of target roscpp_generate_messages_cpp[0m
make[2]: Leaving directory '/home/emre/mtlb_deneme/build/mtlb_publisher'
make[2]: Leaving directory '/home/emre/mtlb_deneme/build/mtlb_publisher'
make[2]: Leaving directory '/home/emre/mtlb_deneme/build/mtlb_publisher'
make[2]: Leaving directory '/home/emre/mtlb_deneme/build/mtlb_publisher'
make[2]: Leaving directory '/home/emre/mtlb_deneme/build/mtlb_publisher'
make[2]: Leaving directory '/home/emre/mtlb_deneme/build/mtlb_publisher'
/usr/bin/make -f CMakeFiles/std_msgs_generate_messages_eus.dir/build.make CMakeFiles/std_msgs_generate_messages_eus.dir/build
make[2]: Leaving directory '/home/emre/mtlb_deneme/build/mtlb_publisher'
/usr/bin/make -f CMakeFiles/roscpp_generate_messages_eus.dir/build.make CMakeFiles/roscpp_generate_messages_eus.dir/build
/usr/bin/make -f CMakeFiles/rosgraph_msgs_generate_messages_eus.dir/build.make CMakeFiles/rosgraph_msgs_generate_messages_eus.dir/build
/usr/bin/make -f CMakeFiles/roscpp_generate_messages_nodejs.dir/build.make CMakeFiles/roscpp_generate_messages_nodejs.dir/build
/usr/bin/make -f CMakeFiles/geometry_msgs_generate_messages_lisp.dir/build.make CMakeFiles/geometry_msgs_generate_messages_lisp.dir/build
/usr/bin/make -f CMakeFiles/geometry_msgs_generate_messages_cpp.dir/build.make CMakeFiles/geometry_msgs_generate_messages_cpp.dir/build
/usr/bin/make -f CMakeFiles/geometry_msgs_generate_messages_nodejs.dir/build.make CMakeFiles/geometry_msgs_generate_messages_nodejs.dir/build
make[2]: Leaving directory '/home/emre/mtlb_deneme/build/mtlb_publisher'
make[2]: Entering directory '/home/emre/mtlb_deneme/build/mtlb_publisher'
make[2]: Entering directory '/home/emre/mtlb_deneme/build/mtlb_publisher'
make[2]: Nothing to be done for 'CMakeFiles/roscpp_generate_messages_eus.dir/build'.
make[2]: Nothing to be done for 'CMakeFiles/std_msgs_generate_messages_eus.dir/build'.
make[2]: Leaving directory '/home/emre/mtlb_deneme/build/mtlb_publisher'
make[2]: Leaving directory '/home/emre/mtlb_deneme/build/mtlb_publisher'
make[2]: Entering directory '/home/emre/mtlb_deneme/build/mtlb_publisher'
make[2]: Nothing to be done for 'CMakeFiles/rosgraph_msgs_generate_messages_eus.dir/build'.
make[2]: Leaving directory '/home/emre/mtlb_deneme/build/mtlb_publisher'
/usr/bin/make -f CMakeFiles/roscpp_generate_messages_cpp.dir/build.make CMakeFiles/roscpp_generate_messages_cpp.dir/build
make[2]: Entering directory '/home/emre/mtlb_deneme/build/mtlb_publisher'
make[2]: Nothing to be done for 'CMakeFiles/roscpp_generate_messages_nodejs.dir/build'.
make[2]: Leaving directory '/home/emre/mtlb_deneme/build/mtlb_publisher'
make[2]: Entering directory '/home/emre/mtlb_deneme/build/mtlb_publisher'
make[2]: Nothing to be done for 'CMakeFiles/geometry_msgs_generate_messages_lisp.dir/build'.
make[2]: Leaving directory '/home/emre/mtlb_deneme/build/mtlb_publisher'
make[2]: Entering directory '/home/emre/mtlb_deneme/build/mtlb_publisher'
make[2]: Nothing to be done for 'CMakeFiles/geometry_msgs_generate_messages_cpp.dir/build'.
make[2]: Leaving directory '/home/emre/mtlb_deneme/build/mtlb_publisher'
make[2]: Entering directory '/home/emre/mtlb_deneme/build/mtlb_publisher'
make[2]: Nothing to be done for 'CMakeFiles/geometry_msgs_generate_messages_nodejs.dir/build'.
make[2]: Leaving directory '/home/emre/mtlb_deneme/build/mtlb_publisher'
make[2]: Entering directory '/home/emre/mtlb_deneme/build/mtlb_publisher'
make[2]: Nothing to be done for 'CMakeFiles/roscpp_generate_messages_cpp.dir/build'.
make[2]: Leaving directory '/home/emre/mtlb_deneme/build/mtlb_publisher'
[  0%] Built target rosgraph_msgs_generate_messages_eus
/usr/bin/make -f CMakeFiles/geometry_msgs_generate_messages_py.dir/build.make CMakeFiles/geometry_msgs_generate_messages_py.dir/depend
make[2]: Entering directory '/home/emre/mtlb_deneme/build/mtlb_publisher'
cd /home/emre/mtlb_deneme/build/mtlb_publisher && /usr/bin/cmake -E cmake_depends "Unix Makefiles" /home/emre/mtlb_deneme/src/mtlb_publisher /home/emre/mtlb_deneme/src/mtlb_publisher /home/emre/mtlb_deneme/build/mtlb_publisher /home/emre/mtlb_deneme/build/mtlb_publisher /home/emre/mtlb_deneme/build/mtlb_publisher/CMakeFiles/geometry_msgs_generate_messages_py.dir/DependInfo.cmake --color=
[  0%] Built target roscpp_generate_messages_eus
[  0%] Built target roscpp_generate_messages_nodejs
[  0%] Built target std_msgs_generate_messages_eus
[  0%] Built target geometry_msgs_generate_messages_nodejs
[  0%] Built target roscpp_generate_messages_cpp
[  0%] Built target geometry_msgs_generate_messages_cpp
/usr/bin/make -f CMakeFiles/roscpp_generate_messages_py.dir/build.make CMakeFiles/roscpp_generate_messages_py.dir/depend
/usr/bin/make -f CMakeFiles/rosgraph_msgs_generate_messages_py.dir/build.make CMakeFiles/rosgraph_msgs_generate_messages_py.dir/depend
/usr/bin/make -f CMakeFiles/rosgraph_msgs_generate_messages_lisp.dir/build.make CMakeFiles/rosgraph_msgs_generate_messages_lisp.dir/depend
/usr/bin/make -f CMakeFiles/std_msgs_generate_messages_lisp.dir/build.make CMakeFiles/std_msgs_generate_messages_lisp.dir/depend
/usr/bin/make -f CMakeFiles/roscpp_generate_messages_lisp.dir/build.make CMakeFiles/roscpp_generate_messages_lisp.dir/depend
/usr/bin/make -f CMakeFiles/rosgraph_msgs_generate_messages_nodejs.dir/build.make CMakeFiles/rosgraph_msgs_generate_messages_nodejs.dir/depend
make[2]: Entering directory '/home/emre/mtlb_deneme/build/mtlb_publisher'
cd /home/emre/mtlb_deneme/build/mtlb_publisher && /usr/bin/cmake -E cmake_depends "Unix Makefiles" /home/emre/mtlb_deneme/src/mtlb_publisher /home/emre/mtlb_deneme/src/mtlb_publisher /home/emre/mtlb_deneme/build/mtlb_publisher /home/emre/mtlb_deneme/build/mtlb_publisher /home/emre/mtlb_deneme/build/mtlb_publisher/CMakeFiles/roscpp_generate_messages_py.dir/DependInfo.cmake --color=
make[2]: Entering directory '/home/emre/mtlb_deneme/build/mtlb_publisher'
cd /home/emre/mtlb_deneme/build/mtlb_publisher && /usr/bin/cmake -E cmake_depends "Unix Makefiles" /home/emre/mtlb_deneme/src/mtlb_publisher /home/emre/mtlb_deneme/src/mtlb_publisher /home/emre/mtlb_deneme/build/mtlb_publisher /home/emre/mtlb_deneme/build/mtlb_publisher /home/emre/mtlb_deneme/build/mtlb_publisher/CMakeFiles/rosgraph_msgs_generate_messages_py.dir/DependInfo.cmake --color=
make[2]: Entering directory '/home/emre/mtlb_deneme/build/mtlb_publisher'
cd /home/emre/mtlb_deneme/build/mtlb_publisher && /usr/bin/cmake -E cmake_depends "Unix Makefiles" /home/emre/mtlb_deneme/src/mtlb_publisher /home/emre/mtlb_deneme/src/mtlb_publisher /home/emre/mtlb_deneme/build/mtlb_publisher /home/emre/mtlb_deneme/build/mtlb_publisher /home/emre/mtlb_deneme/build/mtlb_publisher/CMakeFiles/rosgraph_msgs_generate_messages_lisp.dir/DependInfo.cmake --color=
make[2]: Entering directory '/home/emre/mtlb_deneme/build/mtlb_publisher'
cd /home/emre/mtlb_deneme/build/mtlb_publisher && /usr/bin/cmake -E cmake_depends "Unix Makefiles" /home/emre/mtlb_deneme/src/mtlb_publisher /home/emre/mtlb_deneme/src/mtlb_publisher /home/emre/mtlb_deneme/build/mtlb_publisher /home/emre/mtlb_deneme/build/mtlb_publisher /home/emre/mtlb_deneme/build/mtlb_publisher/CMakeFiles/roscpp_generate_messages_lisp.dir/DependInfo.cmake --color=
make[2]: Entering directory '/home/emre/mtlb_deneme/build/mtlb_publisher'
cd /home/emre/mtlb_deneme/build/mtlb_publisher && /usr/bin/cmake -E cmake_depends "Unix Makefiles" /home/emre/mtlb_deneme/src/mtlb_publisher /home/emre/mtlb_deneme/src/mtlb_publisher /home/emre/mtlb_deneme/build/mtlb_publisher /home/emre/mtlb_deneme/build/mtlb_publisher /home/emre/mtlb_deneme/build/mtlb_publisher/CMakeFiles/rosgraph_msgs_generate_messages_nodejs.dir/DependInfo.cmake --color=
make[2]: Entering directory '/home/emre/mtlb_deneme/build/mtlb_publisher'
cd /home/emre/mtlb_deneme/build/mtlb_publisher && /usr/bin/cmake -E cmake_depends "Unix Makefiles" /home/emre/mtlb_deneme/src/mtlb_publisher /home/emre/mtlb_deneme/src/mtlb_publisher /home/emre/mtlb_deneme/build/mtlb_publisher /home/emre/mtlb_deneme/build/mtlb_publisher /home/emre/mtlb_deneme/build/mtlb_publisher/CMakeFiles/std_msgs_generate_messages_lisp.dir/DependInfo.cmake --color=
[  0%] Built target geometry_msgs_generate_messages_lisp
[35m[1mScanning dependencies of target geometry_msgs_generate_messages_py[0m
[35m[1mScanning dependencies of target roscpp_generate_messages_py[0m
/usr/bin/make -f CMakeFiles/std_msgs_generate_messages_cpp.dir/build.make CMakeFiles/std_msgs_generate_messages_cpp.dir/depend
make[2]: Leaving directory '/home/emre/mtlb_deneme/build/mtlb_publisher'
make[2]: Leaving directory '/home/emre/mtlb_deneme/build/mtlb_publisher'
/usr/bin/make -f CMakeFiles/roscpp_generate_messages_py.dir/build.make CMakeFiles/roscpp_generate_messages_py.dir/build
/usr/bin/make -f CMakeFiles/geometry_msgs_generate_messages_py.dir/build.make CMakeFiles/geometry_msgs_generate_messages_py.dir/build
[35m[1mScanning dependencies of target rosgraph_msgs_generate_messages_py[0m
make[2]: Entering directory '/home/emre/mtlb_deneme/build/mtlb_publisher'
make[2]: Nothing to be done for 'CMakeFiles/roscpp_generate_messages_py.dir/build'.
make[2]: Leaving directory '/home/emre/mtlb_deneme/build/mtlb_publisher'
make[2]: Entering directory '/home/emre/mtlb_deneme/build/mtlb_publisher'
cd /home/emre/mtlb_deneme/build/mtlb_publisher && /usr/bin/cmake -E cmake_depends "Unix Makefiles" /home/emre/mtlb_deneme/src/mtlb_publisher /home/emre/mtlb_deneme/src/mtlb_publisher /home/emre/mtlb_deneme/build/mtlb_publisher /home/emre/mtlb_deneme/build/mtlb_publisher /home/emre/mtlb_deneme/build/mtlb_publisher/CMakeFiles/std_msgs_generate_messages_cpp.dir/DependInfo.cmake --color=
[35m[1mScanning dependencies of target rosgraph_msgs_generate_messages_lisp[0m
make[2]: Leaving directory '/home/emre/mtlb_deneme/build/mtlb_publisher'
/usr/bin/make -f CMakeFiles/rosgraph_msgs_generate_messages_py.dir/build.make CMakeFiles/rosgraph_msgs_generate_messages_py.dir/build
make[2]: Entering directory '/home/emre/mtlb_deneme/build/mtlb_publisher'
make[2]: Nothing to be done for 'CMakeFiles/geometry_msgs_generate_messages_py.dir/build'.
make[2]: Leaving directory '/home/emre/mtlb_deneme/build/mtlb_publisher'
[35m[1mScanning dependencies of target roscpp_generate_messages_lisp[0m
[35m[1mScanning dependencies of target std_msgs_generate_messages_lisp[0m
make[2]: Leaving directory '/home/emre/mtlb_deneme/build/mtlb_publisher'
/usr/bin/make -f CMakeFiles/rosgraph_msgs_generate_messages_lisp.dir/build.make CMakeFiles/rosgraph_msgs_generate_messages_lisp.dir/build
make[2]: Entering directory '/home/emre/mtlb_deneme/build/mtlb_publisher'
make[2]: Nothing to be done for 'CMakeFiles/rosgraph_msgs_generate_messages_py.dir/build'.
make[2]: Leaving directory '/home/emre/mtlb_deneme/build/mtlb_publisher'
make[2]: Leaving directory '/home/emre/mtlb_deneme/build/mtlb_publisher'
make[2]: Leaving directory '/home/emre/mtlb_deneme/build/mtlb_publisher'
/usr/bin/make -f CMakeFiles/roscpp_generate_messages_lisp.dir/build.make CMakeFiles/roscpp_generate_messages_lisp.dir/build
/usr/bin/make -f CMakeFiles/std_msgs_generate_messages_lisp.dir/build.make CMakeFiles/std_msgs_generate_messages_lisp.dir/build
make[2]: Entering directory '/home/emre/mtlb_deneme/build/mtlb_publisher'
make[2]: Nothing to be done for 'CMakeFiles/rosgraph_msgs_generate_messages_lisp.dir/build'.
make[2]: Leaving directory '/home/emre/mtlb_deneme/build/mtlb_publisher'
make[2]: Entering directory '/home/emre/mtlb_deneme/build/mtlb_publisher'
make[2]: Entering directory '/home/emre/mtlb_deneme/build/mtlb_publisher'
make[2]: Nothing to be done for 'CMakeFiles/roscpp_generate_messages_lisp.dir/build'.
make[2]: Nothing to be done for 'CMakeFiles/std_msgs_generate_messages_lisp.dir/build'.
make[2]: Leaving directory '/home/emre/mtlb_deneme/build/mtlb_publisher'
make[2]: Leaving directory '/home/emre/mtlb_deneme/build/mtlb_publisher'
[35m[1mScanning dependencies of target rosgraph_msgs_generate_messages_nodejs[0m
make[2]: Leaving directory '/home/emre/mtlb_deneme/build/mtlb_publisher'
/usr/bin/make -f CMakeFiles/rosgraph_msgs_generate_messages_nodejs.dir/build.make CMakeFiles/rosgraph_msgs_generate_messages_nodejs.dir/build
[35m[1mScanning dependencies of target std_msgs_generate_messages_cpp[0m
[  0%] Built target roscpp_generate_messages_py
/usr/bin/make -f CMakeFiles/std_msgs_generate_messages_py.dir/build.make CMakeFiles/std_msgs_generate_messages_py.dir/depend
make[2]: Entering directory '/home/emre/mtlb_deneme/build/mtlb_publisher'
make[2]: Leaving directory '/home/emre/mtlb_deneme/build/mtlb_publisher'
make[2]: Nothing to be done for 'CMakeFiles/rosgraph_msgs_generate_messages_nodejs.dir/build'.
make[2]: Leaving directory '/home/emre/mtlb_deneme/build/mtlb_publisher'
/usr/bin/make -f CMakeFiles/std_msgs_generate_messages_cpp.dir/build.make CMakeFiles/std_msgs_generate_messages_cpp.dir/build
[  0%] Built target geometry_msgs_generate_messages_py
make[2]: Entering directory '/home/emre/mtlb_deneme/build/mtlb_publisher'
cd /home/emre/mtlb_deneme/build/mtlb_publisher && /usr/bin/cmake -E cmake_depends "Unix Makefiles" /home/emre/mtlb_deneme/src/mtlb_publisher /home/emre/mtlb_deneme/src/mtlb_publisher /home/emre/mtlb_deneme/build/mtlb_publisher /home/emre/mtlb_deneme/build/mtlb_publisher /home/emre/mtlb_deneme/build/mtlb_publisher/CMakeFiles/std_msgs_generate_messages_py.dir/DependInfo.cmake --color=
[  0%] Built target rosgraph_msgs_generate_messages_py
make[2]: Entering directory '/home/emre/mtlb_deneme/build/mtlb_publisher'
make[2]: Nothing to be done for 'CMakeFiles/std_msgs_generate_messages_cpp.dir/build'.
make[2]: Leaving directory '/home/emre/mtlb_deneme/build/mtlb_publisher'
/usr/bin/make -f CMakeFiles/std_msgs_generate_messages_nodejs.dir/build.make CMakeFiles/std_msgs_generate_messages_nodejs.dir/depend
/usr/bin/make -f CMakeFiles/geometry_msgs_generate_messages_eus.dir/build.make CMakeFiles/geometry_msgs_generate_messages_eus.dir/depend
[  0%] Built target rosgraph_msgs_generate_messages_lisp
[  0%] Built target roscpp_generate_messages_lisp
make[2]: Entering directory '/home/emre/mtlb_deneme/build/mtlb_publisher'
cd /home/emre/mtlb_deneme/build/mtlb_publisher && /usr/bin/cmake -E cmake_depends "Unix Makefiles" /home/emre/mtlb_deneme/src/mtlb_publisher /home/emre/mtlb_deneme/src/mtlb_publisher /home/emre/mtlb_deneme/build/mtlb_publisher /home/emre/mtlb_deneme/build/mtlb_publisher /home/emre/mtlb_deneme/build/mtlb_publisher/CMakeFiles/std_msgs_generate_messages_nodejs.dir/DependInfo.cmake --color=
[  0%] Built target std_msgs_generate_messages_lisp
make[2]: Entering directory '/home/emre/mtlb_deneme/build/mtlb_publisher'
/usr/bin/make -f CMakeFiles/rosgraph_msgs_generate_messages_cpp.dir/build.make CMakeFiles/rosgraph_msgs_generate_messages_cpp.dir/depend
cd /home/emre/mtlb_deneme/build/mtlb_publisher && /usr/bin/cmake -E cmake_depends "Unix Makefiles" /home/emre/mtlb_deneme/src/mtlb_publisher /home/emre/mtlb_deneme/src/mtlb_publisher /home/emre/mtlb_deneme/build/mtlb_publisher /home/emre/mtlb_deneme/build/mtlb_publisher /home/emre/mtlb_deneme/build/mtlb_publisher/CMakeFiles/geometry_msgs_generate_messages_eus.dir/DependInfo.cmake --color=
make[2]: Entering directory '/home/emre/mtlb_deneme/build/mtlb_publisher'
cd /home/emre/mtlb_deneme/build/mtlb_publisher && /usr/bin/cmake -E cmake_depends "Unix Makefiles" /home/emre/mtlb_deneme/src/mtlb_publisher /home/emre/mtlb_deneme/src/mtlb_publisher /home/emre/mtlb_deneme/build/mtlb_publisher /home/emre/mtlb_deneme/build/mtlb_publisher /home/emre/mtlb_deneme/build/mtlb_publisher/CMakeFiles/rosgraph_msgs_generate_messages_cpp.dir/DependInfo.cmake --color=
[  0%] Built target rosgraph_msgs_generate_messages_nodejs
[35m[1mScanning dependencies of target std_msgs_generate_messages_nodejs[0m
[  0%] Built target std_msgs_generate_messages_cpp
[35m[1mScanning dependencies of target std_msgs_generate_messages_py[0m
[35m[1mScanning dependencies of target rosgraph_msgs_generate_messages_cpp[0m
make[2]: Leaving directory '/home/emre/mtlb_deneme/build/mtlb_publisher'
/usr/bin/make -f CMakeFiles/std_msgs_generate_messages_nodejs.dir/build.make CMakeFiles/std_msgs_generate_messages_nodejs.dir/build
make[2]: Leaving directory '/home/emre/mtlb_deneme/build/mtlb_publisher'
/usr/bin/make -f CMakeFiles/std_msgs_generate_messages_py.dir/build.make CMakeFiles/std_msgs_generate_messages_py.dir/build
make[2]: Leaving directory '/home/emre/mtlb_deneme/build/mtlb_publisher'
make[2]: Entering directory '/home/emre/mtlb_deneme/build/mtlb_publisher'
make[2]: Nothing to be done for 'CMakeFiles/std_msgs_generate_messages_nodejs.dir/build'.
/usr/bin/make -f CMakeFiles/rosgraph_msgs_generate_messages_cpp.dir/build.make CMakeFiles/rosgraph_msgs_generate_messages_cpp.dir/build
make[2]: Leaving directory '/home/emre/mtlb_deneme/build/mtlb_publisher'
[35m[1mScanning dependencies of target geometry_msgs_generate_messages_eus[0m
make[2]: Entering directory '/home/emre/mtlb_deneme/build/mtlb_publisher'
make[2]: Nothing to be done for 'CMakeFiles/std_msgs_generate_messages_py.dir/build'.
make[2]: Leaving directory '/home/emre/mtlb_deneme/build/mtlb_publisher'
make[2]: Entering directory '/home/emre/mtlb_deneme/build/mtlb_publisher'
make[2]: Nothing to be done for 'CMakeFiles/rosgraph_msgs_generate_messages_cpp.dir/build'.
make[2]: Leaving directory '/home/emre/mtlb_deneme/build/mtlb_publisher'
make[2]: Leaving directory '/home/emre/mtlb_deneme/build/mtlb_publisher'
/usr/bin/make -f CMakeFiles/geometry_msgs_generate_messages_eus.dir/build.make CMakeFiles/geometry_msgs_generate_messages_eus.dir/build
make[2]: Entering directory '/home/emre/mtlb_deneme/build/mtlb_publisher'
make[2]: Nothing to be done for 'CMakeFiles/geometry_msgs_generate_messages_eus.dir/build'.
make[2]: Leaving directory '/home/emre/mtlb_deneme/build/mtlb_publisher'
[  0%] Built target std_msgs_generate_messages_nodejs
[  0%] Built target std_msgs_generate_messages_py
[  0%] Built target rosgraph_msgs_generate_messages_cpp
[  0%] Built target geometry_msgs_generate_messages_eus
/usr/bin/make -f CMakeFiles/mtlb_publisher.dir/build.make CMakeFiles/mtlb_publisher.dir/depend
make[2]: Entering directory '/home/emre/mtlb_deneme/build/mtlb_publisher'
cd /home/emre/mtlb_deneme/build/mtlb_publisher && /usr/bin/cmake -E cmake_depends "Unix Makefiles" /home/emre/mtlb_deneme/src/mtlb_publisher /home/emre/mtlb_deneme/src/mtlb_publisher /home/emre/mtlb_deneme/build/mtlb_publisher /home/emre/mtlb_deneme/build/mtlb_publisher /home/emre/mtlb_deneme/build/mtlb_publisher/CMakeFiles/mtlb_publisher.dir/DependInfo.cmake --color=
[35m[1mScanning dependencies of target mtlb_publisher[0m
make[2]: Leaving directory '/home/emre/mtlb_deneme/build/mtlb_publisher'
/usr/bin/make -f CMakeFiles/mtlb_publisher.dir/build.make CMakeFiles/mtlb_publisher.dir/build
make[2]: Entering directory '/home/emre/mtlb_deneme/build/mtlb_publisher'
[ 12%] [32mBuilding CXX object CMakeFiles/mtlb_publisher.dir/src/slros_generic_param.cpp.o[0m
[ 37%] [32mBuilding CXX object CMakeFiles/mtlb_publisher.dir/src/main.cpp.o[0m
[ 50%] [32mBuilding CXX object CMakeFiles/mtlb_publisher.dir/src/mtlb_publisher_data.cpp.o[0m
[ 50%] [32mBuilding CXX object CMakeFiles/mtlb_publisher.dir/src/mtlb_publisher.cpp.o[0m
[ 62%] [32mBuilding CXX object CMakeFiles/mtlb_publisher.dir/src/rosnodeinterface.cpp.o[0m
/usr/bin/c++  -DROSCONSOLE_BACKEND_LOG4CXX -DROS_BUILD_SHARED_LIBS=1 -DROS_PACKAGE_NAME=\"mtlb_publisher\" -I/home/emre/mtlb_deneme/src/mtlb_publisher/include -I/home/emre/mtlb_deneme/src/mtlb_publisher -I/opt/ros/noetic/include -I/opt/ros/noetic/share/xmlrpcpp/cmake/../../../include/xmlrpcpp -I/home/emre/mtlb_deneme/src/mtlb_publisher/include/mtlb_publisher  -O3 -DNDEBUG   -DMODEL=mtlb_publisher -DNUMST=1 -DNCSTATES=0 -DHAVESTDIO -DMODEL_HAS_DYNAMICALLY_LOADED_SFCNS=0 -DCLASSIC_INTERFACE=0 -DALLOCATIONFCN=0 -DTID01EQ=0 -DONESTEPFCN=1 -DTERMFCN=1 -DMULTI_INSTANCE_CODE=1 -DINTEGER_CODE=0 -DMT=0 -DROS_PROJECT -DMW_SCHED_OTHER -DSTACK_SIZE=64 -D__MW_TARGET_USE_HARDWARE_RESOURCES_H__ -DRT=RT -fpermissive -std=gnu++14 -o CMakeFiles/mtlb_publisher.dir/src/slros_generic_param.cpp.o -c /home/emre/mtlb_deneme/src/mtlb_publisher/src/slros_generic_param.cpp
[ 75%] [32mBuilding CXX object CMakeFiles/mtlb_publisher.dir/src/slros_busmsg_conversion.cpp.o[0m
/usr/bin/c++  -DROSCONSOLE_BACKEND_LOG4CXX -DROS_BUILD_SHARED_LIBS=1 -DROS_PACKAGE_NAME=\"mtlb_publisher\" -I/home/emre/mtlb_deneme/src/mtlb_publisher/include -I/home/emre/mtlb_deneme/src/mtlb_publisher -I/opt/ros/noetic/include -I/opt/ros/noetic/share/xmlrpcpp/cmake/../../../include/xmlrpcpp -I/home/emre/mtlb_deneme/src/mtlb_publisher/include/mtlb_publisher  -O3 -DNDEBUG   -DMODEL=mtlb_publisher -DNUMST=1 -DNCSTATES=0 -DHAVESTDIO -DMODEL_HAS_DYNAMICALLY_LOADED_SFCNS=0 -DCLASSIC_INTERFACE=0 -DALLOCATIONFCN=0 -DTID01EQ=0 -DONESTEPFCN=1 -DTERMFCN=1 -DMULTI_INSTANCE_CODE=1 -DINTEGER_CODE=0 -DMT=0 -DROS_PROJECT -DMW_SCHED_OTHER -DSTACK_SIZE=64 -D__MW_TARGET_USE_HARDWARE_RESOURCES_H__ -DRT=RT -fpermissive -std=gnu++14 -o CMakeFiles/mtlb_publisher.dir/src/main.cpp.o -c /home/emre/mtlb_deneme/src/mtlb_publisher/src/main.cpp
/usr/bin/c++  -DROSCONSOLE_BACKEND_LOG4CXX -DROS_BUILD_SHARED_LIBS=1 -DROS_PACKAGE_NAME=\"mtlb_publisher\" -I/home/emre/mtlb_deneme/src/mtlb_publisher/include -I/home/emre/mtlb_deneme/src/mtlb_publisher -I/opt/ros/noetic/include -I/opt/ros/noetic/share/xmlrpcpp/cmake/../../../include/xmlrpcpp -I/home/emre/mtlb_deneme/src/mtlb_publisher/include/mtlb_publisher  -O3 -DNDEBUG   -DMODEL=mtlb_publisher -DNUMST=1 -DNCSTATES=0 -DHAVESTDIO -DMODEL_HAS_DYNAMICALLY_LOADED_SFCNS=0 -DCLASSIC_INTERFACE=0 -DALLOCATIONFCN=0 -DTID01EQ=0 -DONESTEPFCN=1 -DTERMFCN=1 -DMULTI_INSTANCE_CODE=1 -DINTEGER_CODE=0 -DMT=0 -DROS_PROJECT -DMW_SCHED_OTHER -DSTACK_SIZE=64 -D__MW_TARGET_USE_HARDWARE_RESOURCES_H__ -DRT=RT -fpermissive -std=gnu++14 -o CMakeFiles/mtlb_publisher.dir/src/mtlb_publisher_data.cpp.o -c /home/emre/mtlb_deneme/src/mtlb_publisher/src/mtlb_publisher_data.cpp
/usr/bin/c++  -DROSCONSOLE_BACKEND_LOG4CXX -DROS_BUILD_SHARED_LIBS=1 -DROS_PACKAGE_NAME=\"mtlb_publisher\" -I/home/emre/mtlb_deneme/src/mtlb_publisher/include -I/home/emre/mtlb_deneme/src/mtlb_publisher -I/opt/ros/noetic/include -I/opt/ros/noetic/share/xmlrpcpp/cmake/../../../include/xmlrpcpp -I/home/emre/mtlb_deneme/src/mtlb_publisher/include/mtlb_publisher  -O3 -DNDEBUG   -DMODEL=mtlb_publisher -DNUMST=1 -DNCSTATES=0 -DHAVESTDIO -DMODEL_HAS_DYNAMICALLY_LOADED_SFCNS=0 -DCLASSIC_INTERFACE=0 -DALLOCATIONFCN=0 -DTID01EQ=0 -DONESTEPFCN=1 -DTERMFCN=1 -DMULTI_INSTANCE_CODE=1 -DINTEGER_CODE=0 -DMT=0 -DROS_PROJECT -DMW_SCHED_OTHER -DSTACK_SIZE=64 -D__MW_TARGET_USE_HARDWARE_RESOURCES_H__ -DRT=RT -fpermissive -std=gnu++14 -o CMakeFiles/mtlb_publisher.dir/src/rosnodeinterface.cpp.o -c /home/emre/mtlb_deneme/src/mtlb_publisher/src/rosnodeinterface.cpp
/usr/bin/c++  -DROSCONSOLE_BACKEND_LOG4CXX -DROS_BUILD_SHARED_LIBS=1 -DROS_PACKAGE_NAME=\"mtlb_publisher\" -I/home/emre/mtlb_deneme/src/mtlb_publisher/include -I/home/emre/mtlb_deneme/src/mtlb_publisher -I/opt/ros/noetic/include -I/opt/ros/noetic/share/xmlrpcpp/cmake/../../../include/xmlrpcpp -I/home/emre/mtlb_deneme/src/mtlb_publisher/include/mtlb_publisher  -O3 -DNDEBUG   -DMODEL=mtlb_publisher -DNUMST=1 -DNCSTATES=0 -DHAVESTDIO -DMODEL_HAS_DYNAMICALLY_LOADED_SFCNS=0 -DCLASSIC_INTERFACE=0 -DALLOCATIONFCN=0 -DTID01EQ=0 -DONESTEPFCN=1 -DTERMFCN=1 -DMULTI_INSTANCE_CODE=1 -DINTEGER_CODE=0 -DMT=0 -DROS_PROJECT -DMW_SCHED_OTHER -DSTACK_SIZE=64 -D__MW_TARGET_USE_HARDWARE_RESOURCES_H__ -DRT=RT -fpermissive -std=gnu++14 -o CMakeFiles/mtlb_publisher.dir/src/mtlb_publisher.cpp.o -c /home/emre/mtlb_deneme/src/mtlb_publisher/src/mtlb_publisher.cpp
[ 87%] [32mBuilding CXX object CMakeFiles/mtlb_publisher.dir/src/slros_initialize.cpp.o[0m
/usr/bin/c++  -DROSCONSOLE_BACKEND_LOG4CXX -DROS_BUILD_SHARED_LIBS=1 -DROS_PACKAGE_NAME=\"mtlb_publisher\" -I/home/emre/mtlb_deneme/src/mtlb_publisher/include -I/home/emre/mtlb_deneme/src/mtlb_publisher -I/opt/ros/noetic/include -I/opt/ros/noetic/share/xmlrpcpp/cmake/../../../include/xmlrpcpp -I/home/emre/mtlb_deneme/src/mtlb_publisher/include/mtlb_publisher  -O3 -DNDEBUG   -DMODEL=mtlb_publisher -DNUMST=1 -DNCSTATES=0 -DHAVESTDIO -DMODEL_HAS_DYNAMICALLY_LOADED_SFCNS=0 -DCLASSIC_INTERFACE=0 -DALLOCATIONFCN=0 -DTID01EQ=0 -DONESTEPFCN=1 -DTERMFCN=1 -DMULTI_INSTANCE_CODE=1 -DINTEGER_CODE=0 -DMT=0 -DROS_PROJECT -DMW_SCHED_OTHER -DSTACK_SIZE=64 -D__MW_TARGET_USE_HARDWARE_RESOURCES_H__ -DRT=RT -fpermissive -std=gnu++14 -o CMakeFiles/mtlb_publisher.dir/src/slros_busmsg_conversion.cpp.o -c /home/emre/mtlb_deneme/src/mtlb_publisher/src/slros_busmsg_conversion.cpp
/usr/bin/c++  -DROSCONSOLE_BACKEND_LOG4CXX -DROS_BUILD_SHARED_LIBS=1 -DROS_PACKAGE_NAME=\"mtlb_publisher\" -I/home/emre/mtlb_deneme/src/mtlb_publisher/include -I/home/emre/mtlb_deneme/src/mtlb_publisher -I/opt/ros/noetic/include -I/opt/ros/noetic/share/xmlrpcpp/cmake/../../../include/xmlrpcpp -I/home/emre/mtlb_deneme/src/mtlb_publisher/include/mtlb_publisher  -O3 -DNDEBUG   -DMODEL=mtlb_publisher -DNUMST=1 -DNCSTATES=0 -DHAVESTDIO -DMODEL_HAS_DYNAMICALLY_LOADED_SFCNS=0 -DCLASSIC_INTERFACE=0 -DALLOCATIONFCN=0 -DTID01EQ=0 -DONESTEPFCN=1 -DTERMFCN=1 -DMULTI_INSTANCE_CODE=1 -DINTEGER_CODE=0 -DMT=0 -DROS_PROJECT -DMW_SCHED_OTHER -DSTACK_SIZE=64 -D__MW_TARGET_USE_HARDWARE_RESOURCES_H__ -DRT=RT -fpermissive -std=gnu++14 -o CMakeFiles/mtlb_publisher.dir/src/slros_initialize.cpp.o -c /home/emre/mtlb_deneme/src/mtlb_publisher/src/slros_initialize.cpp
[100%] [32m[1mLinking CXX executable /home/emre/mtlb_deneme/devel/.private/mtlb_publisher/lib/mtlb_publisher/mtlb_publisher[0m
/usr/bin/cmake -E cmake_link_script CMakeFiles/mtlb_publisher.dir/link.txt --verbose=1
/usr/bin/c++  -O3 -DNDEBUG   CMakeFiles/mtlb_publisher.dir/src/main.cpp.o CMakeFiles/mtlb_publisher.dir/src/mtlb_publisher.cpp.o CMakeFiles/mtlb_publisher.dir/src/mtlb_publisher_data.cpp.o CMakeFiles/mtlb_publisher.dir/src/rosnodeinterface.cpp.o CMakeFiles/mtlb_publisher.dir/src/slros_busmsg_conversion.cpp.o CMakeFiles/mtlb_publisher.dir/src/slros_initialize.cpp.o CMakeFiles/mtlb_publisher.dir/src/slros_generic_param.cpp.o  -o /home/emre/mtlb_deneme/devel/.private/mtlb_publisher/lib/mtlb_publisher/mtlb_publisher  -Wl,-rpath,/home/emre/mtlb_deneme/install/lib:/opt/ros/noetic/lib /opt/ros/noetic/lib/libroscpp.so /usr/lib/x86_64-linux-gnu/libpthread.so /usr/lib/x86_64-linux-gnu/libboost_chrono.so.1.71.0 /usr/lib/x86_64-linux-gnu/libboost_filesystem.so.1.71.0 /opt/ros/noetic/lib/librosconsole.so /opt/ros/noetic/lib/librosconsole_log4cxx.so /opt/ros/noetic/lib/librosconsole_backend_interface.so /usr/lib/x86_64-linux-gnu/liblog4cxx.so /usr/lib/x86_64-linux-gnu/libboost_regex.so.1.71.0 /opt/ros/noetic/lib/libxmlrpcpp.so /opt/ros/noetic/lib/libroscpp_serialization.so /opt/ros/noetic/lib/librostime.so /usr/lib/x86_64-linux-gnu/libboost_date_time.so.1.71.0 /opt/ros/noetic/lib/libcpp_common.so /usr/lib/x86_64-linux-gnu/libboost_system.so.1.71.0 /usr/lib/x86_64-linux-gnu/libboost_thread.so.1.71.0 /usr/lib/x86_64-linux-gnu/libconsole_bridge.so.0.4 -ldl 
make[2]: Leaving directory '/home/emre/mtlb_deneme/build/mtlb_publisher'
[100%] Built target mtlb_publisher
make[1]: Leaving directory '/home/emre/mtlb_deneme/build/mtlb_publisher'
/usr/bin/cmake -E cmake_progress_start /home/emre/mtlb_deneme/build/mtlb_publisher/CMakeFiles 0
